[debug] [2022-02-01T04:27:07.327Z] ----------------------------------------------------------------------
[debug] [2022-02-01T04:27:07.329Z] Command:       /usr/local/bin/node /usr/local/bin/firebase emulators:start --import ./firstoreMock --export-on-exit
[debug] [2022-02-01T04:27:07.329Z] CLI Version:   8.16.2
[debug] [2022-02-01T04:27:07.329Z] Platform:      darwin
[debug] [2022-02-01T04:27:07.329Z] Node Version:  v14.18.1
[debug] [2022-02-01T04:27:07.330Z] Time:          Mon Jan 31 2022 23:27:07 GMT-0500 (Eastern Standard Time)
[debug] [2022-02-01T04:27:07.330Z] ----------------------------------------------------------------------
[debug] [2022-02-01T04:27:07.330Z] 
[debug] [2022-02-01T04:27:07.337Z] > command requires scopes: ["email","openid","https://www.googleapis.com/auth/cloudplatformprojects.readonly","https://www.googleapis.com/auth/firebase","https://www.googleapis.com/auth/cloud-platform"]
[debug] [2022-02-01T04:27:07.338Z] > authorizing via signed-in user
[info] i  emulators: Starting emulators: functions, firestore, hosting {"metadata":{"emulator":{"name":"hub"},"message":"Starting emulators: functions, firestore, hosting"}}
[debug] [2022-02-01T04:27:07.353Z] [hub] writing locator at /var/folders/1k/1c0r8yj53w9dw7y35mkj89hc0000gn/T/hub-coachq-tracker-data.json
[warn] ⚠  functions: The following emulators are not running, calls to these services from the Functions emulator will affect production: auth, database, pubsub {"metadata":{"emulator":{"name":"functions"},"message":"The following emulators are not running, calls to these services from the Functions emulator will affect production: \u001b[1mauth, database, pubsub\u001b[22m"}}
[warn] ⚠  Your requested "node" version "12" doesn't match your global version "14" {"metadata":{"emulator":{"name":"functions"},"message":"Your requested \"node\" version \"12\" doesn't match your global version \"14\""}}
[debug] [2022-02-01T04:27:07.371Z] defaultcredentials: writing to file /Users/Thomas/.config/firebase/tzlukoma_gmail_com_application_default_credentials.json
[debug] [2022-02-01T04:27:07.373Z] Setting GAC to /Users/Thomas/.config/firebase/tzlukoma_gmail_com_application_default_credentials.json {"metadata":{"emulator":{"name":"functions"},"message":"Setting GAC to /Users/Thomas/.config/firebase/tzlukoma_gmail_com_application_default_credentials.json"}}
[info] i  firestore: Importing data from /Users/Thomas/DEV/source_code/_currentProjects/q-training-tracker/firstoreMock/firestore_export/firestore_export.overall_export_metadata {"metadata":{"emulator":{"name":"firestore"},"message":"Importing data from /Users/Thomas/DEV/source_code/_currentProjects/q-training-tracker/firstoreMock/firestore_export/firestore_export.overall_export_metadata"}}
[debug] [2022-02-01T04:27:07.381Z] Ignoring unsupported arg: projectId {"metadata":{"emulator":{"name":"firestore"},"message":"Ignoring unsupported arg: projectId"}}
[debug] [2022-02-01T04:27:07.381Z] Ignoring unsupported arg: auto_download {"metadata":{"emulator":{"name":"firestore"},"message":"Ignoring unsupported arg: auto_download"}}
[debug] [2022-02-01T04:27:07.381Z] Starting Firestore Emulator with command {"binary":"java","args":["-Duser.language=en","-jar","/Users/Thomas/.cache/firebase/emulators/cloud-firestore-emulator-v1.11.9.jar","--host","localhost","--port",8080,"--seed_from_export","/Users/Thomas/DEV/source_code/_currentProjects/q-training-tracker/firstoreMock/firestore_export/firestore_export.overall_export_metadata","--rules","/Users/Thomas/DEV/source_code/_currentProjects/q-training-tracker/firestore.rules","--functions_emulator","localhost:5001"],"optionalArgs":["port","webchannel_port","host","rules","functions_emulator","seed_from_export"],"joinArgs":false} {"metadata":{"emulator":{"name":"firestore"},"message":"Starting Firestore Emulator with command {\"binary\":\"java\",\"args\":[\"-Duser.language=en\",\"-jar\",\"/Users/Thomas/.cache/firebase/emulators/cloud-firestore-emulator-v1.11.9.jar\",\"--host\",\"localhost\",\"--port\",8080,\"--seed_from_export\",\"/Users/Thomas/DEV/source_code/_currentProjects/q-training-tracker/firstoreMock/firestore_export/firestore_export.overall_export_metadata\",\"--rules\",\"/Users/Thomas/DEV/source_code/_currentProjects/q-training-tracker/firestore.rules\",\"--functions_emulator\",\"localhost:5001\"],\"optionalArgs\":[\"port\",\"webchannel_port\",\"host\",\"rules\",\"functions_emulator\",\"seed_from_export\"],\"joinArgs\":false}"}}
[info] i  firestore: Firestore Emulator logging to firestore-debug.log {"metadata":{"emulator":{"name":"firestore"},"message":"Firestore Emulator logging to \u001b[1mfirestore-debug.log\u001b[22m"}}
[debug] [2022-02-01T04:27:08.839Z] API endpoint: http://localhost: {"metadata":{"emulator":{"name":"firestore"},"message":"API endpoint: http://localhost:"}}
[debug] [2022-02-01T04:27:08.840Z] 8080
If you are using a library that supports the FIRESTORE_EMULATOR_HOST environment variable, run:

   export FIRESTORE_EMULATOR_HOST=localhost:8080

Dev App Server is now running.

 {"metadata":{"emulator":{"name":"firestore"},"message":"8080\nIf you are using a library that supports the FIRESTORE_EMULATOR_HOST environment variable, run:\n\n   export FIRESTORE_EMULATOR_HOST=localhost:8080\n\nDev App Server is now running.\n\n"}}
[debug] [2022-02-01T04:27:08.910Z] >>> HTTP REQUEST GET https://firebase.googleapis.com/v1beta1/projects/coachq-tracker-data/webApps/-/config  
 
[debug] [2022-02-01T04:27:09.361Z] <<< HTTP RESPONSE 200 {"content-type":"application/json; charset=UTF-8","vary":"X-Origin, Referer, Origin,Accept-Encoding","date":"Tue, 01 Feb 2022 04:27:09 GMT","server":"ESF","cache-control":"private","x-xss-protection":"0","x-frame-options":"SAMEORIGIN","x-content-type-options":"nosniff","alt-svc":"h3=\":443\"; ma=2592000,h3-29=\":443\"; ma=2592000,h3-Q050=\":443\"; ma=2592000,h3-Q046=\":443\"; ma=2592000,h3-Q043=\":443\"; ma=2592000,quic=\":443\"; ma=2592000; v=\"46,43\"","accept-ranges":"none","transfer-encoding":"chunked"}
[info] i  hosting: Serving hosting files from: build {"metadata":{"emulator":{"name":"hosting"},"message":"Serving hosting files from: \u001b[1mbuild\u001b[22m"}}
[info] ✔  hosting: Local server: http://localhost:5000 {"metadata":{"emulator":{"name":"hosting"},"message":"Local server: \u001b[4m\u001b[1mhttp://localhost:5000\u001b[22m\u001b[24m"}}
[debug] [2022-02-01T04:27:09.656Z] Ignoring unsupported arg: auto_download {"metadata":{"emulator":{"name":"ui"},"message":"Ignoring unsupported arg: auto_download"}}
[debug] [2022-02-01T04:27:09.657Z] Ignoring unsupported arg: port {"metadata":{"emulator":{"name":"ui"},"message":"Ignoring unsupported arg: port"}}
[debug] [2022-02-01T04:27:09.657Z] Starting Emulator UI with command {"binary":"node","args":["/Users/Thomas/.cache/firebase/emulators/ui-v1.2.2/server.bundle.js"],"optionalArgs":[],"joinArgs":false} {"metadata":{"emulator":{"name":"ui"},"message":"Starting Emulator UI with command {\"binary\":\"node\",\"args\":[\"/Users/Thomas/.cache/firebase/emulators/ui-v1.2.2/server.bundle.js\"],\"optionalArgs\":[],\"joinArgs\":false}"}}
[info] i  ui: Emulator UI logging to ui-debug.log {"metadata":{"emulator":{"name":"ui"},"message":"Emulator UI logging to \u001b[1mui-debug.log\u001b[22m"}}
[debug] [2022-02-01T04:27:09.826Z] Web / API server started at http://localhost:4000
 {"metadata":{"emulator":{"name":"ui"},"message":"Web / API server started at http://localhost:4000\n"}}
[info] i  functions: Watching "/Users/Thomas/DEV/source_code/_currentProjects/q-training-tracker/functions" for Cloud Functions... {"metadata":{"emulator":{"name":"functions"},"message":"Watching \"/Users/Thomas/DEV/source_code/_currentProjects/q-training-tracker/functions\" for Cloud Functions..."}}
[debug] [2022-02-01T04:27:09.950Z] [worker-pool] addWorker(~diagnostic~) {"metadata":{"emulator":{"name":"functions"},"message":"[worker-pool] addWorker(~diagnostic~)"}}
[debug] [2022-02-01T04:27:09.951Z] [worker-pool] Adding worker with key ~diagnostic~, total=1 {"metadata":{"emulator":{"name":"functions"},"message":"[worker-pool] Adding worker with key ~diagnostic~, total=1"}}
[debug] [2022-02-01T04:27:09.951Z] [worker-pool] submitWork(triggerId=) {"metadata":{"emulator":{"name":"functions"},"message":"[worker-pool] submitWork(triggerId=)"}}
[debug] [2022-02-01T04:27:09.952Z] [worker-~diagnostic~-85889c4a-92a2-47f5-8c13-f70f756ede77]: Assigning socketPath: /var/folders/1k/1c0r8yj53w9dw7y35mkj89hc0000gn/T/fire_emu_84623.sock {"metadata":{"emulator":{"name":"functions"},"message":"[worker-~diagnostic~-85889c4a-92a2-47f5-8c13-f70f756ede77]: Assigning socketPath: /var/folders/1k/1c0r8yj53w9dw7y35mkj89hc0000gn/T/fire_emu_84623.sock"}}
[debug] [2022-02-01T04:27:09.952Z] [worker-~diagnostic~-85889c4a-92a2-47f5-8c13-f70f756ede77]: BUSY {"metadata":{"emulator":{"name":"functions"},"message":"[worker-~diagnostic~-85889c4a-92a2-47f5-8c13-f70f756ede77]: BUSY"}}
[debug] [2022-02-01T04:27:10.261Z] [runtime-status] [84623] Functions runtime initialized. {"cwd":"/Users/Thomas/DEV/source_code/_currentProjects/q-training-tracker/functions","node_version":"14.18.1"} {"metadata":{"emulator":{"name":"functions"},"message":"[runtime-status] [84623] Functions runtime initialized. {\"cwd\":\"/Users/Thomas/DEV/source_code/_currentProjects/q-training-tracker/functions\",\"node_version\":\"14.18.1\"}"}}
[debug] [2022-02-01T04:27:10.264Z] [runtime-status] [84623] Disabled runtime features: undefined {"metadata":{"emulator":{"name":"functions"},"message":"[runtime-status] [84623] Disabled runtime features: undefined"}}
[debug] [2022-02-01T04:27:10.271Z] [runtime-status] [84623] Resolved module firebase-admin {"declared":true,"installed":true,"version":"9.12.0","resolution":"/Users/Thomas/DEV/source_code/_currentProjects/q-training-tracker/functions/node_modules/firebase-admin/lib/index.js"} {"metadata":{"emulator":{"name":"functions"},"message":"[runtime-status] [84623] Resolved module firebase-admin {\"declared\":true,\"installed\":true,\"version\":\"9.12.0\",\"resolution\":\"/Users/Thomas/DEV/source_code/_currentProjects/q-training-tracker/functions/node_modules/firebase-admin/lib/index.js\"}"}}
[debug] [2022-02-01T04:27:10.275Z] [runtime-status] [84623] Resolved module firebase-functions {"declared":true,"installed":true,"version":"3.16.0","resolution":"/Users/Thomas/DEV/source_code/_currentProjects/q-training-tracker/functions/node_modules/firebase-functions/lib/index.js"} {"metadata":{"emulator":{"name":"functions"},"message":"[runtime-status] [84623] Resolved module firebase-functions {\"declared\":true,\"installed\":true,\"version\":\"3.16.0\",\"resolution\":\"/Users/Thomas/DEV/source_code/_currentProjects/q-training-tracker/functions/node_modules/firebase-functions/lib/index.js\"}"}}
[debug] [2022-02-01T04:27:10.277Z] [runtime-status] [84623] Resolved module firebase-functions {"declared":true,"installed":true,"version":"3.16.0","resolution":"/Users/Thomas/DEV/source_code/_currentProjects/q-training-tracker/functions/node_modules/firebase-functions/lib/index.js"} {"metadata":{"emulator":{"name":"functions"},"message":"[runtime-status] [84623] Resolved module firebase-functions {\"declared\":true,\"installed\":true,\"version\":\"3.16.0\",\"resolution\":\"/Users/Thomas/DEV/source_code/_currentProjects/q-training-tracker/functions/node_modules/firebase-functions/lib/index.js\"}"}}
[debug] [2022-02-01T04:27:10.279Z] [runtime-status] [84623] Outgoing network have been stubbed. [{"name":"http","status":"mocked"},{"name":"http","status":"mocked"},{"name":"https","status":"mocked"},{"name":"https","status":"mocked"},{"name":"net","status":"mocked"}] {"metadata":{"emulator":{"name":"functions"},"message":"[runtime-status] [84623] Outgoing network have been stubbed. [{\"name\":\"http\",\"status\":\"mocked\"},{\"name\":\"http\",\"status\":\"mocked\"},{\"name\":\"https\",\"status\":\"mocked\"},{\"name\":\"https\",\"status\":\"mocked\"},{\"name\":\"net\",\"status\":\"mocked\"}]"}}
[debug] [2022-02-01T04:27:10.279Z] [runtime-status] [84623] Resolved module firebase-functions {"declared":true,"installed":true,"version":"3.16.0","resolution":"/Users/Thomas/DEV/source_code/_currentProjects/q-training-tracker/functions/node_modules/firebase-functions/lib/index.js"} {"metadata":{"emulator":{"name":"functions"},"message":"[runtime-status] [84623] Resolved module firebase-functions {\"declared\":true,\"installed\":true,\"version\":\"3.16.0\",\"resolution\":\"/Users/Thomas/DEV/source_code/_currentProjects/q-training-tracker/functions/node_modules/firebase-functions/lib/index.js\"}"}}
[debug] [2022-02-01T04:27:10.340Z] [runtime-status] [84623] Checked functions.config() {"config":{}} {"metadata":{"emulator":{"name":"functions"},"message":"[runtime-status] [84623] Checked functions.config() {\"config\":{}}"}}
[debug] [2022-02-01T04:27:10.340Z] [runtime-status] [84623] firebase-functions has been stubbed. {"functionsResolution":{"declared":true,"installed":true,"version":"3.16.0","resolution":"/Users/Thomas/DEV/source_code/_currentProjects/q-training-tracker/functions/node_modules/firebase-functions/lib/index.js"}} {"metadata":{"emulator":{"name":"functions"},"message":"[runtime-status] [84623] firebase-functions has been stubbed. {\"functionsResolution\":{\"declared\":true,\"installed\":true,\"version\":\"3.16.0\",\"resolution\":\"/Users/Thomas/DEV/source_code/_currentProjects/q-training-tracker/functions/node_modules/firebase-functions/lib/index.js\"}}"}}
[debug] [2022-02-01T04:27:10.340Z] [runtime-status] [84623] Resolved module firebase-functions {"declared":true,"installed":true,"version":"3.16.0","resolution":"/Users/Thomas/DEV/source_code/_currentProjects/q-training-tracker/functions/node_modules/firebase-functions/lib/index.js"} {"metadata":{"emulator":{"name":"functions"},"message":"[runtime-status] [84623] Resolved module firebase-functions {\"declared\":true,\"installed\":true,\"version\":\"3.16.0\",\"resolution\":\"/Users/Thomas/DEV/source_code/_currentProjects/q-training-tracker/functions/node_modules/firebase-functions/lib/index.js\"}"}}
[debug] [2022-02-01T04:27:10.341Z] [runtime-status] [84623] Resolved module firebase-admin {"declared":true,"installed":true,"version":"9.12.0","resolution":"/Users/Thomas/DEV/source_code/_currentProjects/q-training-tracker/functions/node_modules/firebase-admin/lib/index.js"} {"metadata":{"emulator":{"name":"functions"},"message":"[runtime-status] [84623] Resolved module firebase-admin {\"declared\":true,\"installed\":true,\"version\":\"9.12.0\",\"resolution\":\"/Users/Thomas/DEV/source_code/_currentProjects/q-training-tracker/functions/node_modules/firebase-admin/lib/index.js\"}"}}
[debug] [2022-02-01T04:27:10.342Z] [runtime-status] [84623] Resolved module firebase-functions {"declared":true,"installed":true,"version":"3.16.0","resolution":"/Users/Thomas/DEV/source_code/_currentProjects/q-training-tracker/functions/node_modules/firebase-functions/lib/index.js"} {"metadata":{"emulator":{"name":"functions"},"message":"[runtime-status] [84623] Resolved module firebase-functions {\"declared\":true,\"installed\":true,\"version\":\"3.16.0\",\"resolution\":\"/Users/Thomas/DEV/source_code/_currentProjects/q-training-tracker/functions/node_modules/firebase-functions/lib/index.js\"}"}}
[debug] [2022-02-01T04:27:10.342Z] [runtime-status] [84623] firebase-admin has been stubbed. {"adminResolution":{"declared":true,"installed":true,"version":"9.12.0","resolution":"/Users/Thomas/DEV/source_code/_currentProjects/q-training-tracker/functions/node_modules/firebase-admin/lib/index.js"}} {"metadata":{"emulator":{"name":"functions"},"message":"[runtime-status] [84623] firebase-admin has been stubbed. {\"adminResolution\":{\"declared\":true,\"installed\":true,\"version\":\"9.12.0\",\"resolution\":\"/Users/Thomas/DEV/source_code/_currentProjects/q-training-tracker/functions/node_modules/firebase-admin/lib/index.js\"}}"}}
[info] ✔  functions[helloWorld]: http function initialized (http://localhost:5001/coachq-tracker-data/us-central1/helloWorld). {"metadata":{"emulator":{"name":"functions"},"message":"\u001b[1mhttp\u001b[22m function initialized (http://localhost:5001/coachq-tracker-data/us-central1/helloWorld)."}}
[info] 
┌────────────────────────────────────────────────────────────────┐
│ ✔  All emulators ready! View status and logs at localhost:4000 │
└────────────────────────────────────────────────────────────────┘

┌───────────┬────────────────┬──────────────────────────┐
│ Emulator  │ Host:Port      │ View in Emulator UI      │
├───────────┼────────────────┼──────────────────────────┤
│ Functions │ localhost:5001 │ localhost:4000/functions │
├───────────┼────────────────┼──────────────────────────┤
│ Firestore │ localhost:8080 │ localhost:4000/firestore │
├───────────┼────────────────┼──────────────────────────┤
│ Hosting   │ localhost:5000 │ n/a                      │
└───────────┴────────────────┴──────────────────────────┘
  Other reserved ports: 4400, 4500

Issues? Report them at https://github.com/firebase/firebase-tools/issues and attach the *-debug.log files.
 
[debug] [2022-02-01T04:27:10.347Z] [worker-~diagnostic~-85889c4a-92a2-47f5-8c13-f70f756ede77]: IDLE {"metadata":{"emulator":{"name":"functions"},"message":"[worker-~diagnostic~-85889c4a-92a2-47f5-8c13-f70f756ede77]: IDLE"}}
[debug] [2022-02-01T04:27:14.407Z] Jan 31, 2022 11:27:14 PM io.gapi.emulators.netty.HttpVersionRoutingHandler channelRead
INFO: Detected non-HTTP/2 connection.
 {"metadata":{"emulator":{"name":"firestore"},"message":"Jan 31, 2022 11:27:14 PM io.gapi.emulators.netty.HttpVersionRoutingHandler channelRead\nINFO: Detected non-HTTP/2 connection.\n"}}
[debug] [2022-02-01T04:27:14.408Z] Jan 31, 2022 11:27:14 PM io.gapi.emulators.netty.HttpVersionRoutingHandler channelRead
INFO: Detected non-HTTP/2 connection.
 {"metadata":{"emulator":{"name":"firestore"},"message":"Jan 31, 2022 11:27:14 PM io.gapi.emulators.netty.HttpVersionRoutingHandler channelRead\nINFO: Detected non-HTTP/2 connection.\n"}}
[debug] [2022-02-01T04:27:14.408Z] Jan 31, 2022 11:27:14 PM io.gapi.emulators.netty.HttpVersionRoutingHandler channelRead
INFO: Detected non-HTTP/2 connection.
 {"metadata":{"emulator":{"name":"firestore"},"message":"Jan 31, 2022 11:27:14 PM io.gapi.emulators.netty.HttpVersionRoutingHandler channelRead\nINFO: Detected non-HTTP/2 connection.\n"}}
[debug] [2022-02-01T04:27:14.658Z] Jan 31, 2022 11:27:14 PM io.gapi.emulators.netty.HttpVersionRoutingHandler channelRead
INFO: Detected HTTP/2 connection.
 {"metadata":{"emulator":{"name":"firestore"},"message":"Jan 31, 2022 11:27:14 PM io.gapi.emulators.netty.HttpVersionRoutingHandler channelRead\nINFO: Detected HTTP/2 connection.\n"}}
[debug] [2022-02-01T04:27:15.665Z] Jan 31, 2022 11:27:15 PM io.gapi.emulators.netty.HttpVersionRoutingHandler channelRead
INFO: Detected non-HTTP/2 connection.
 {"metadata":{"emulator":{"name":"firestore"},"message":"Jan 31, 2022 11:27:15 PM io.gapi.emulators.netty.HttpVersionRoutingHandler channelRead\nINFO: Detected non-HTTP/2 connection.\n"}}
